# JRE version: Java(TM) SE Runtime Environment (24.0.1+9) (build 24.0.1+9-30)
# Java VM: Java HotSpot(TM) 64-Bit Server VM (24.0.1+9-30, mixed mode, sharing, tiered, compressed oops, compressed class ptrs, g1 gc, windows-amd64)
GC Precious Log:
 CardTable entry size: 512
 Card Set container configuration: InlinePtr #cards 4 size 8 Array Of Cards #cards 16 size 48 Howl #buckets 8 coarsen threshold 3686 Howl Bitmap #cards 512 size 80 coarsen threshold 460 Card regions per heap region 1 cards per card region 4096
 CPUs: 12 total, 12 available
 Memory: 16172M
 Large Page Support: Disabled
 NUMA Support: Disabled
 Compressed Oops: Enabled (Zero based)
 Heap Region Size: 2M
 Heap Min Capacity: 8M
 Heap Initial Capacity: 254M
 Heap Max Capacity: 4044M
 Pre-touch: Disabled
 Parallel Workers: 10
 Concurrent Workers: 3
 Concurrent Refinement Workers: 10
 Periodic GC: Disabled
Heap:
 garbage-first heap   total reserved 4141056K, committed 63488K, used 30878K [0x0000000703400000, 0x0000000800000000)
  region size 2048K, 11 young (22528K), 3 survivors (6144K)
 Metaspace       used 23853K, committed 24128K, reserved 1114112K
  class space    used 2331K, committed 2432K, reserved 1048576K
GC Heap History (8 events):
Event: 1.932 GC heap before
{Heap before GC invocations=0 (full 0):
 garbage-first heap   total reserved 4141056K, committed 262144K, used 50292K [0x0000000703400000, 0x0000000800000000)
  region size 2048K, 24 young (49152K), 0 survivors (0K)
 Metaspace       used 8058K, committed 8320K, reserved 1114112K
  class space    used 718K, committed 832K, reserved 1048576K
}
Event: 1.937 GC heap after
{Heap after GC invocations=1 (full 0):
 garbage-first heap   total reserved 4141056K, committed 262144K, used 5201K [0x0000000703400000, 0x0000000800000000)
  region size 2048K, 2 young (4096K), 2 survivors (4096K)
 Metaspace       used 8058K, committed 8320K, reserved 1114112K
  class space    used 718K, committed 832K, reserved 1048576K
}
Event: 5.173 GC heap before
{Heap before GC invocations=1 (full 0):
 garbage-first heap   total reserved 4141056K, committed 262144K, used 56401K [0x0000000703400000, 0x0000000800000000)
  region size 2048K, 28 young (57344K), 2 survivors (4096K)
 Metaspace       used 21311K, committed 21504K, reserved 1114112K
  class space    used 2134K, committed 2240K, reserved 1048576K
}
Event: 5.185 GC heap after
{Heap after GC invocations=2 (full 0):
 garbage-first heap   total reserved 4141056K, committed 262144K, used 11834K [0x0000000703400000, 0x0000000800000000)
  region size 2048K, 6 young (12288K), 6 survivors (12288K)
 Metaspace       used 21311K, committed 21504K, reserved 1114112K
  class space    used 2134K, committed 2240K, reserved 1048576K
}
Event: 12.350 GC heap before
{Heap before GC invocations=3 (full 0):
 garbage-first heap   total reserved 4141056K, committed 49152K, used 46650K [0x0000000703400000, 0x0000000800000000)
  region size 2048K, 23 young (47104K), 6 survivors (12288K)
 Metaspace       used 22888K, committed 23168K, reserved 1114112K
  class space    used 2261K, committed 2368K, reserved 1048576K
}
Event: 12.365 GC heap after
{Heap after GC invocations=4 (full 0):
 garbage-first heap   total reserved 4141056K, committed 63488K, used 14665K [0x0000000703400000, 0x0000000800000000)
  region size 2048K, 5 young (10240K), 5 survivors (10240K)
 Metaspace       used 22888K, committed 23168K, reserved 1114112K
  class space    used 2261K, committed 2368K, reserved 1048576K
}
Event: 15.780 GC heap before
{Heap before GC invocations=4 (full 0):
 garbage-first heap   total reserved 4141056K, committed 63488K, used 41289K [0x0000000703400000, 0x0000000800000000)
  region size 2048K, 18 young (36864K), 5 survivors (10240K)
 Metaspace       used 23531K, committed 23872K, reserved 1114112K
  class space    used 2309K, committed 2432K, reserved 1048576K
}
Event: 15.794 GC heap after
{Heap after GC invocations=5 (full 0):
 garbage-first heap   total reserved 4141056K, committed 63488K, used 16542K [0x0000000703400000, 0x0000000800000000)
  region size 2048K, 3 young (6144K), 3 survivors (6144K)
 Metaspace       used 23531K, committed 23872K, reserved 1114112K
  class space    used 2309K, committed 2432K, reserved 1048576K
}

